[debug] [2022-01-08T17:21:22.274Z] ----------------------------------------------------------------------
[debug] [2022-01-08T17:21:22.275Z] Command:       /usr/local/bin/node /usr/local/bin/firebase init hosting
[debug] [2022-01-08T17:21:22.275Z] CLI Version:   10.0.1
[debug] [2022-01-08T17:21:22.275Z] Platform:      darwin
[debug] [2022-01-08T17:21:22.275Z] Node Version:  v16.13.1
[debug] [2022-01-08T17:21:22.277Z] Time:          Sat Jan 08 2022 13:21:22 GMT-0400 (Atlantic Standard Time)
[debug] [2022-01-08T17:21:22.277Z] ----------------------------------------------------------------------
[debug] 
[debug] [2022-01-08T17:21:22.278Z] >>> [apiv2][query] GET https://firebase-public.firebaseio.com/cli.json [none]
[debug] [2022-01-08T17:21:22.308Z] > command requires scopes: ["email","openid","https://www.googleapis.com/auth/cloudplatformprojects.readonly","https://www.googleapis.com/auth/firebase","https://www.googleapis.com/auth/cloud-platform"]
[debug] [2022-01-08T17:21:22.308Z] > authorizing via signed-in user (ishaant99@gmail.com)
[info] 
     ######## #### ########  ######## ########     ###     ######  ########
     ##        ##  ##     ## ##       ##     ##  ##   ##  ##       ##
     ######    ##  ########  ######   ########  #########  ######  ######
     ##        ##  ##    ##  ##       ##     ## ##     ##       ## ##
     ##       #### ##     ## ######## ########  ##     ##  ######  ########

You're about to initialize a Firebase project in this directory:

  /Users/ishaanthakur/Desktop/Projects/ishaan-portfolio

Before we get started, keep in mind:

  * You are initializing within an existing Firebase project directory

[info] 
=== Project Setup
[info] 
[info] First, let's associate this project directory with a Firebase project.
[info] You can create multiple project aliases by running firebase use --add, 
[info] but for now we'll just set up a default project.
[info] 
[debug] [2022-01-08T17:21:22.310Z] Using project from CLI flag: ishaan-thakur
[debug] [2022-01-08T17:21:22.310Z] > refreshing access token with scopes: []
[debug] [2022-01-08T17:21:22.310Z] >>> HTTP REQUEST POST https://www.googleapis.com/oauth2/v3/token  
 <request body omitted>
[debug] [2022-01-08T17:21:22.524Z] <<< HTTP RESPONSE 200 {"expires":"Mon, 01 Jan 1990 00:00:00 GMT","date":"Sat, 08 Jan 2022 17:21:22 GMT","pragma":"no-cache","cache-control":"no-cache, no-store, max-age=0, must-revalidate","content-type":"application/json; charset=utf-8","vary":"X-Origin, Referer, Origin,Accept-Encoding","server":"scaffolding on HTTPServer2","x-xss-protection":"0","x-frame-options":"SAMEORIGIN","x-content-type-options":"nosniff","alt-svc":"h3=\":443\"; ma=2592000,h3-29=\":443\"; ma=2592000,h3-Q050=\":443\"; ma=2592000,h3-Q046=\":443\"; ma=2592000,h3-Q043=\":443\"; ma=2592000,quic=\":443\"; ma=2592000; v=\"46,43\"","accept-ranges":"none","transfer-encoding":"chunked"}
[debug] [2022-01-08T17:21:22.567Z] >>> [apiv2][query] GET https://firebase.googleapis.com/v1beta1/projects/ishaan-thakur [none]
[debug] [2022-01-08T17:21:22.636Z] <<< [apiv2][status] GET https://firebase-public.firebaseio.com/cli.json 200
[debug] [2022-01-08T17:21:22.637Z] <<< [apiv2][body] GET https://firebase-public.firebaseio.com/cli.json {"cloudBuildErrorAfter":1594252800000,"cloudBuildWarnAfter":1590019200000,"defaultNode10After":1594252800000,"minVersion":"3.0.5","node8DeploysDisabledAfter":1613390400000,"node8RuntimeDisabledAfter":1615809600000,"node8WarnAfter":1600128000000}
[debug] [2022-01-08T17:21:23.222Z] <<< [apiv2][status] GET https://firebase.googleapis.com/v1beta1/projects/ishaan-thakur 200
[debug] [2022-01-08T17:21:23.222Z] <<< [apiv2][body] GET https://firebase.googleapis.com/v1beta1/projects/ishaan-thakur {"projectId":"ishaan-thakur","projectNumber":"750510944044","displayName":"Ishaan Thakur","name":"projects/ishaan-thakur","resources":{"hostingSite":"ishaan-thakur","realtimeDatabaseInstance":"ishaan-thakur-default-rtdb"},"state":"ACTIVE"}
[info] i  Using project ishaan-thakur (Ishaan Thakur) 
[info] 
=== Hosting Setup
[info] 
[info] Your public directory is the folder (relative to your project directory) that
[info] will contain Hosting assets to be uploaded with firebase deploy. If you
[info] have a build process for your assets, use your build's output directory.
[info] 
